[0429/124743.366:ERROR:scoped_process_suspend.cc(31)] NtSuspendProcess: An attempt was made to access an exiting process. (0xc000010a)
[0429/124749.776:ERROR:process_info.cc(118)] ReadProcessMemory bool __cdecl crashpad::(anonymous namespace)::ReadStruct(HANDLE, crashpad::WinVMAddress, T *) [T = crashpad::process_types::PEB<crashpad::process_types::internal::Traits64>]: Only part of a ReadProcessMemory or WriteProcessMemory request was completed. (0x12B)
[0429/124749.776:ERROR:process_info.cc(551)] ReadProcessData failed
[0429/124832.363:ERROR:process_memory_win.cc(73)] ReadMemory at 0x13fc80000 of 64 bytes failed: Only part of a ReadProcessMemory or WriteProcessMemory request was completed. (0x12B)
[0429/124832.363:WARNING:pe_image_reader.cc(340)] could not read dos header from C:\Program Files (x86)\Google\Chrome\Application\chrome.exe
[0429/124832.363:ERROR:process_memory_win.cc(73)] ReadMemory at 0x76db0000 of 64 bytes failed: Only part of a ReadProcessMemory or WriteProcessMemory request was completed. (0x12B)
[0429/124832.363:WARNING:pe_image_reader.cc(340)] could not read dos header from C:\Windows\SYSTEM32\ntdll.dll
[0429/124832.363:ERROR:process_memory_win.cc(73)] ReadMemory at 0x76b90000 of 64 bytes failed: Only part of a ReadProcessMemory or WriteProcessMemory request was completed. (0x12B)
[0429/124832.364:WARNING:pe_image_reader.cc(340)] could not read dos header from C:\Windows\system32\KERNEL32.dll
[0429/124832.364:ERROR:process_memory_win.cc(73)] ReadMemory at 0x7fefc920000 of 64 bytes failed: Only part of a ReadProcessMemory or WriteProcessMemory request was completed. (0x12B)
[0429/124832.364:WARNING:pe_image_reader.cc(340)] could not read dos header from C:\Windows\system32\KERNELBASE.dll
[0429/124832.364:ERROR:process_memory_win.cc(73)] ReadMemory at 0x7feecb80000 of 64 bytes failed: Only part of a ReadProcessMemory or WriteProcessMemory request was completed. (0x12B)
[0429/124832.364:WARNING:pe_image_reader.cc(340)] could not read dos header from C:\Windows\system32\api-ms-win-core-synch-l1-2-0.DLL
[0429/124832.364:ERROR:process_memory_win.cc(73)] ReadMemory at 0x7fefafe0000 of 64 bytes failed: Only part of a ReadProcessMemory or WriteProcessMemory request was completed. (0x12B)
[0429/124832.364:WARNING:pe_image_reader.cc(340)] could not read dos header from C:\Windows\system32\version.dll
[0429/124832.364:ERROR:process_memory_win.cc(73)] ReadMemory at 0x7fefeb20000 of 64 bytes failed: Only part of a ReadProcessMemory or WriteProcessMemory request was completed. (0x12B)
[0429/124832.364:WARNING:pe_image_reader.cc(340)] could not read dos header from C:\Windows\system32\msvcrt.dll
[0429/124832.364:ERROR:process_memory_win.cc(73)] ReadMemory at 0x7fedbbd0000 of 64 bytes failed: Only part of a ReadProcessMemory or WriteProcessMemory request was completed. (0x12B)
[0429/124832.364:WARNING:pe_image_reader.cc(340)] could not read dos header from C:\Program Files (x86)\Google\Chrome\Application\81.0.4044.122\chrome_elf.dll
[0429/124832.364:ERROR:process_memory_win.cc(73)] ReadMemory at 0x7feff030000 of 64 bytes failed: Only part of a ReadProcessMemory or WriteProcessMemory request was completed. (0x12B)
[0429/124832.364:WARNING:pe_image_reader.cc(340)] could not read dos header from C:\Windows\system32\GDI32.dll
[0429/124832.364:ERROR:process_memory_win.cc(73)] ReadMemory at 0x1130000 of 64 bytes failed: Only part of a ReadProcessMemory or WriteProcessMemory request was completed. (0x12B)
[0429/124832.364:WARNING:pe_image_reader.cc(340)] could not read dos header from C:\Windows\system32\USER32.dll
[0429/124832.364:ERROR:process_memory_win.cc(73)] ReadMemory at 0x7fefd9a0000 of 64 bytes failed: Only part of a ReadProcessMemory or WriteProcessMemory request was completed. (0x12B)
[0429/124832.364:WARNING:pe_image_reader.cc(340)] could not read dos header from C:\Windows\system32\LPK.dll
[0429/124832.364:ERROR:process_memory_win.cc(73)] ReadMemory at 0x7fefed30000 of 64 bytes failed: Only part of a ReadProcessMemory or WriteProcessMemory request was completed. (0x12B)
[0429/124832.364:WARNING:pe_image_reader.cc(340)] could not read dos header from C:\Windows\system32\USP10.dll
[0429/124832.364:ERROR:process_memory_win.cc(73)] ReadMemory at 0x7fefeca0000 of 64 bytes failed: Only part of a ReadProcessMemory or WriteProcessMemory request was completed. (0x12B)
[0429/124832.364:WARNING:pe_image_reader.cc(340)] could not read dos header from C:\Windows\system32\IMM32.DLL
[0429/124832.364:ERROR:process_memory_win.cc(73)] ReadMemory at 0x7fefd890000 of 64 bytes failed: Only part of a ReadProcessMemory or WriteProcessMemory request was completed. (0x12B)
[0429/124832.364:WARNING:pe_image_reader.cc(340)] could not read dos header from C:\Windows\system32\MSCTF.dll
[0429/124832.367:ERROR:process_memory_win.cc(73)] ReadMemory at 0x7fefebc0000 of 64 bytes failed: Only part of a ReadProcessMemory or WriteProcessMemory request was completed. (0x12B)
[0429/124832.367:WARNING:pe_image_reader.cc(340)] could not read dos header from C:\Windows\system32\ADVAPI32.dll
[0429/124832.367:ERROR:process_memory_win.cc(73)] ReadMemory at 0x7fefd600000 of 64 bytes failed: Only part of a ReadProcessMemory or WriteProcessMemory request was completed. (0x12B)
[0429/124832.367:WARNING:pe_image_reader.cc(340)] could not read dos header from C:\Windows\SYSTEM32\sechost.dll
[0429/124832.367:ERROR:process_memory_win.cc(73)] ReadMemory at 0x7fefd450000 of 64 bytes failed: Only part of a ReadProcessMemory or WriteProcessMemory request was completed. (0x12B)
[0429/124832.367:WARNING:pe_image_reader.cc(340)] could not read dos header from C:\Windows\system32\RPCRT4.dll
[0429/124832.367:ERROR:process_memory_win.cc(73)] ReadMemory at 0x7fed3310000 of 64 bytes failed: Only part of a ReadProcessMemory or WriteProcessMemory request was completed. (0x12B)
[0429/124832.367:WARNING:pe_image_reader.cc(340)] could not read dos header from C:\Program Files (x86)\Google\Chrome\Application\81.0.4044.122\chrome.dll
[0429/124832.367:ERROR:process_memory_win.cc(73)] ReadMemory at 0x7fefd640000 of 64 bytes failed: Only part of a ReadProcessMemory or WriteProcessMemory request was completed. (0x12B)
[0429/124832.367:WARNING:pe_image_reader.cc(340)] could not read dos header from C:\Windows\system32\WS2_32.dll
[0429/124832.367:ERROR:process_memory_win.cc(73)] ReadMemory at 0x7fefccc0000 of 64 bytes failed: Only part of a ReadProcessMemory or WriteProcessMemory request was completed. (0x12B)
[0429/124832.367:WARNING:pe_image_reader.cc(340)] could not read dos header from C:\Windows\system32\NSI.dll
[0429/124832.367:ERROR:process_memory_win.cc(73)] ReadMemory at 0x7fefa700000 of 64 bytes failed: Only part of a ReadProcessMemory or WriteProcessMemory request was completed. (0x12B)
[0429/124832.367:WARNING:pe_image_reader.cc(340)] could not read dos header from C:\Windows\system32\IPHLPAPI.DLL
[0429/124832.367:ERROR:process_memory_win.cc(73)] ReadMemory at 0x7fefa6f0000 of 64 bytes failed: Only part of a ReadProcessMemory or WriteProcessMemory request was completed. (0x12B)
[0429/124832.367:WARNING:pe_image_reader.cc(340)] could not read dos header from C:\Windows\system32\WINNSI.DLL
[0429/124832.367:ERROR:process_memory_win.cc(73)] ReadMemory at 0x7fefe7c0000 of 64 bytes failed: Only part of a ReadProcessMemory or WriteProcessMemory request was completed. (0x12B)
[0429/124832.367:WARNING:pe_image_reader.cc(340)] could not read dos header from C:\Windows\system32\OLEAUT32.dll
[0429/124832.367:ERROR:process_memory_win.cc(73)] ReadMemory at 0x7fefd690000 of 64 bytes failed: Only part of a ReadProcessMemory or WriteProcessMemory request was completed. (0x12B)
[0429/124832.367:WARNING:pe_image_reader.cc(340)] could not read dos header from C:\Windows\system32\ole32.dll
[0429/124832.367:ERROR:process_memory_win.cc(73)] ReadMemory at 0x7fef73f0000 of 64 bytes failed: Only part of a ReadProcessMemory or WriteProcessMemory request was completed. (0x12B)
[0429/124832.367:WARNING:pe_image_reader.cc(340)] could not read dos header from C:\Windows\system32\WINMM.dll
[0429/124832.367:ERROR:process_memory_win.cc(73)] ReadMemory at 0x7fefc470000 of 64 bytes failed: Only part of a ReadProcessMemory or WriteProcessMemory request was completed. (0x12B)
[0429/124832.368:WARNING:pe_image_reader.cc(340)] could not read dos header from C:\Windows\system32\Secur32.dll
[0429/124832.368:ERROR:process_memory_win.cc(73)] ReadMemory at 0x7fefc6e0000 of 64 bytes failed: Only part of a ReadProcessMemory or WriteProcessMemory request was completed. (0x12B)
[0429/124832.368:WARNING:pe_image_reader.cc(340)] could not read dos header from C:\Windows\system32\SSPICLI.DLL
[0429/124832.368:ERROR:process_memory_win.cc(73)] ReadMemory at 0x7fefca30000 of 64 bytes failed: Only part of a ReadProcessMemory or WriteProcessMemory request was completed. (0x12B)
[0429/124832.368:WARNING:pe_image_reader.cc(340)] could not read dos header from C:\Windows\system32\USERENV.dll
[0429/124832.368:ERROR:process_memory_win.cc(73)] ReadMemory at 0x7fefc900000 of 64 bytes failed: Only part of a ReadProcessMemory or WriteProcessMemory request was completed. (0x12B)
[0429/124832.368:WARNING:pe_image_reader.cc(340)] could not read dos header from C:\Windows\system32\profapi.dll
[0429/124832.368:ERROR:process_memory_win.cc(73)] ReadMemory at 0x7fefcab0000 of 64 bytes failed: Only part of a ReadProcessMemory or WriteProcessMemory request was completed. (0x12B)
[0429/124832.368:WARNING:pe_image_reader.cc(340)] could not read dos header from C:\Windows\system32\WINTRUST.dll
[0429/124832.368:ERROR:process_memory_win.cc(73)] ReadMemory at 0x7fefcb40000 of 64 bytes failed: Only part of a ReadProcessMemory or WriteProcessMemory request was completed. (0x12B)
[0429/124832.368:WARNING:pe_image_reader.cc(340)] could not read dos header from C:\Windows\system32\CRYPT32.dll
[0429/124832.368:ERROR:process_memory_win.cc(73)] ReadMemory at 0x7fefc910000 of 64 bytes failed: Only part of a ReadProcessMemory or WriteProcessMemory request was completed. (0x12B)
[0429/124832.368:WARNING:pe_image_reader.cc(340)] could not read dos header from C:\Windows\system32\MSASN1.dll
[0429/124832.368:ERROR:process_memory_win.cc(73)] ReadMemory at 0x7fedf360000 of 64 bytes failed: Only part of a ReadProcessMemory or WriteProcessMemory request was completed. (0x12B)
[0429/124832.368:WARNING:pe_image_reader.cc(340)] could not read dos header from C:\Windows\system32\UIAutomationCore.DLL
[0429/124832.368:ERROR:process_memory_win.cc(73)] ReadMemory at 0x76f60000 of 64 bytes failed: Only part of a ReadProcessMemory or WriteProcessMemory request was completed. (0x12B)
[0429/124832.368:WARNING:pe_image_reader.cc(340)] could not read dos header from C:\Windows\system32\PSAPI.DLL
[0429/124832.368:ERROR:process_memory_win.cc(73)] ReadMemory at 0x7fef74f0000 of 64 bytes failed: Only part of a ReadProcessMemory or WriteProcessMemory request was completed. (0x12B)
[0429/124832.368:WARNING:pe_image_reader.cc(340)] could not read dos header from C:\Windows\system32\OLEACC.dll
[0429/124832.368:ERROR:process_memory_win.cc(73)] ReadMemory at 0x7fedf1c0000 of 64 bytes failed: Only part of a ReadProcessMemory or WriteProcessMemory request was completed. (0x12B)
[0429/124832.368:WARNING:pe_image_reader.cc(340)] could not read dos header from C:\Windows\system32\DWrite.dll
[0429/124832.368:ERROR:process_memory_win.cc(73)] ReadMemory at 0x7fee7060000 of 64 bytes failed: Only part of a ReadProcessMemory or WriteProcessMemory request was completed. (0x12B)
[0429/124832.368:WARNING:pe_image_reader.cc(340)] could not read dos header from C:\Windows\system32\WINSPOOL.DRV
[0429/124832.368:ERROR:process_memory_win.cc(73)] ReadMemory at 0x7fef93f0000 of 64 bytes failed: Only part of a ReadProcessMemory or WriteProcessMemory request was completed. (0x12B)
[0429/124832.368:WARNING:pe_image_reader.cc(340)] could not read dos header from C:\Windows\system32\dbghelp.dll
[0429/124832.368:ERROR:process_memory_win.cc(73)] ReadMemory at 0x7feeb3a0000 of 64 bytes failed: Only part of a ReadProcessMemory or WriteProcessMemory request was completed. (0x12B)
[0429/124832.368:WARNING:pe_image_reader.cc(340)] could not read dos header from C:\Windows\system32\WINHTTP.dll
[0429/124832.368:ERROR:process_memory_win.cc(73)] ReadMemory at 0x7feeb290000 of 64 bytes failed: Only part of a ReadProcessMemory or WriteProcessMemory request was completed. (0x12B)
[0429/124832.368:WARNING:pe_image_reader.cc(340)] could not read dos header from C:\Windows\system32\webio.dll
[0429/124832.368:ERROR:process_memory_win.cc(73)] ReadMemory at 0x7fef5fa0000 of 64 bytes failed: Only part of a ReadProcessMemory or WriteProcessMemory request was completed. (0x12B)
[0429/124832.369:WARNING:pe_image_reader.cc(340)] could not read dos header from C:\Windows\system32\dhcpcsvc.DLL
[0429/124832.369:ERROR:process_memory_win.cc(73)] ReadMemory at 0x7fefc7a0000 of 64 bytes failed: Only part of a ReadProcessMemory or WriteProcessMemory request was completed. (0x12B)
[0429/124832.369:WARNING:pe_image_reader.cc(340)] could not read dos header from C:\Windows\system32\cryptbase.dll
[0429/124832.369:ERROR:process_memory_win.cc(73)] ReadMemory at 0x7fef9990000 of 64 bytes failed: Only part of a ReadProcessMemory or WriteProcessMemory request was completed. (0x12B)
[0429/124832.369:WARNING:pe_image_reader.cc(340)] could not read dos header from C:\Windows\system32\uxtheme.dll
[0429/124832.604:ERROR:process_memory_win.cc(73)] ReadMemory at 0x13fc80000 of 64 bytes failed: Only part of a ReadProcessMemory or WriteProcessMemory request was completed. (0x12B)
[0429/124832.604:WARNING:pe_image_reader.cc(340)] could not read dos header from C:\Program Files (x86)\Google\Chrome\Application\chrome.exe
[0429/124832.604:ERROR:process_memory_win.cc(73)] ReadMemory at 0x76db0000 of 64 bytes failed: Only part of a ReadProcessMemory or WriteProcessMemory request was completed. (0x12B)
[0429/124832.604:WARNING:pe_image_reader.cc(340)] could not read dos header from C:\Windows\SYSTEM32\ntdll.dll
[0429/124832.604:ERROR:process_memory_win.cc(73)] ReadMemory at 0x76b90000 of 64 bytes failed: Only part of a ReadProcessMemory or WriteProcessMemory request was completed. (0x12B)
[0429/124832.604:WARNING:pe_image_reader.cc(340)] could not read dos header from C:\Windows\system32\KERNEL32.dll
[0429/124832.604:ERROR:process_memory_win.cc(73)] ReadMemory at 0x7fefc920000 of 64 bytes failed: Only part of a ReadProcessMemory or WriteProcessMemory request was completed. (0x12B)
[0429/124832.604:WARNING:pe_image_reader.cc(340)] could not read dos header from C:\Windows\system32\KERNELBASE.dll
[0429/124832.604:ERROR:process_memory_win.cc(73)] ReadMemory at 0x7feecb80000 of 64 bytes failed: Only part of a ReadProcessMemory or WriteProcessMemory request was completed. (0x12B)
[0429/124832.604:WARNING:pe_image_reader.cc(340)] could not read dos header from C:\Windows\system32\api-ms-win-core-synch-l1-2-0.DLL
[0429/124832.605:ERROR:process_memory_win.cc(73)] ReadMemory at 0x7fefafe0000 of 64 bytes failed: Only part of a ReadProcessMemory or WriteProcessMemory request was completed. (0x12B)
[0429/124832.605:WARNING:pe_image_reader.cc(340)] could not read dos header from C:\Windows\system32\version.dll
[0429/124832.605:ERROR:process_memory_win.cc(73)] ReadMemory at 0x7fefeb20000 of 64 bytes failed: Only part of a ReadProcessMemory or WriteProcessMemory request was completed. (0x12B)
[0429/124832.605:WARNING:pe_image_reader.cc(340)] could not read dos header from C:\Windows\system32\msvcrt.dll
[0429/124832.605:ERROR:process_memory_win.cc(73)] ReadMemory at 0x7fedbbd0000 of 64 bytes failed: Only part of a ReadProcessMemory or WriteProcessMemory request was completed. (0x12B)
[0429/124832.605:WARNING:pe_image_reader.cc(340)] could not read dos header from C:\Program Files (x86)\Google\Chrome\Application\81.0.4044.122\chrome_elf.dll
[0429/124832.605:ERROR:process_memory_win.cc(73)] ReadMemory at 0x7feff030000 of 64 bytes failed: Only part of a ReadProcessMemory or WriteProcessMemory request was completed. (0x12B)
[0429/124832.605:WARNING:pe_image_reader.cc(340)] could not read dos header from C:\Windows\system32\GDI32.dll
[0429/124832.605:ERROR:process_memory_win.cc(73)] ReadMemory at 0x1130000 of 64 bytes failed: Only part of a ReadProcessMemory or WriteProcessMemory request was completed. (0x12B)
[0429/124832.605:WARNING:pe_image_reader.cc(340)] could not read dos header from C:\Windows\system32\USER32.dll
[0429/124832.605:ERROR:process_memory_win.cc(73)] ReadMemory at 0x7fefd9a0000 of 64 bytes failed: Only part of a ReadProcessMemory or WriteProcessMemory request was completed. (0x12B)
[0429/124832.605:WARNING:pe_image_reader.cc(340)] could not read dos header from C:\Windows\system32\LPK.dll
[0429/124832.605:ERROR:process_memory_win.cc(73)] ReadMemory at 0x7fefed30000 of 64 bytes failed: Only part of a ReadProcessMemory or WriteProcessMemory request was completed. (0x12B)
[0429/124832.605:WARNING:pe_image_reader.cc(340)] could not read dos header from C:\Windows\system32\USP10.dll
[0429/124832.605:ERROR:process_memory_win.cc(73)] ReadMemory at 0x7fefeca0000 of 64 bytes failed: Only part of a ReadProcessMemory or WriteProcessMemory request was completed. (0x12B)
[0429/124832.605:WARNING:pe_image_reader.cc(340)] could not read dos header from C:\Windows\system32\IMM32.DLL
[0429/124832.605:ERROR:process_memory_win.cc(73)] ReadMemory at 0x7fefd890000 of 64 bytes failed: Only part of a ReadProcessMemory or WriteProcessMemory request was completed. (0x12B)
[0429/124832.605:WARNING:pe_image_reader.cc(340)] could not read dos header from C:\Windows\system32\MSCTF.dll
[0429/124832.605:ERROR:process_memory_win.cc(73)] ReadMemory at 0x7fefebc0000 of 64 bytes failed: Only part of a ReadProcessMemory or WriteProcessMemory request was completed. (0x12B)
[0429/124832.605:WARNING:pe_image_reader.cc(340)] could not read dos header from C:\Windows\system32\ADVAPI32.dll
[0429/124832.605:ERROR:process_memory_win.cc(73)] ReadMemory at 0x7fefd600000 of 64 bytes failed: Only part of a ReadProcessMemory or WriteProcessMemory request was completed. (0x12B)
[0429/124832.605:WARNING:pe_image_reader.cc(340)] could not read dos header from C:\Windows\SYSTEM32\sechost.dll
[0429/124832.606:ERROR:process_memory_win.cc(73)] ReadMemory at 0x7fefd450000 of 64 bytes failed: Only part of a ReadProcessMemory or WriteProcessMemory request was completed. (0x12B)
[0429/124832.606:WARNING:pe_image_reader.cc(340)] could not read dos header from C:\Windows\system32\RPCRT4.dll
[0429/124832.606:ERROR:process_memory_win.cc(73)] ReadMemory at 0x7fed3310000 of 64 bytes failed: Only part of a ReadProcessMemory or WriteProcessMemory request was completed. (0x12B)
[0429/124832.606:WARNING:pe_image_reader.cc(340)] could not read dos header from C:\Program Files (x86)\Google\Chrome\Application\81.0.4044.122\chrome.dll
[0429/124832.606:ERROR:process_memory_win.cc(73)] ReadMemory at 0x7fefd640000 of 64 bytes failed: Only part of a ReadProcessMemory or WriteProcessMemory request was completed. (0x12B)
[0429/124832.606:WARNING:pe_image_reader.cc(340)] could not read dos header from C:\Windows\system32\WS2_32.dll
[0429/124832.606:ERROR:process_memory_win.cc(73)] ReadMemory at 0x7fefccc0000 of 64 bytes failed: Only part of a ReadProcessMemory or WriteProcessMemory request was completed. (0x12B)
[0429/124832.606:WARNING:pe_image_reader.cc(340)] could not read dos header from C:\Windows\system32\NSI.dll
[0429/124832.606:ERROR:process_memory_win.cc(73)] ReadMemory at 0x7fefa700000 of 64 bytes failed: Only part of a ReadProcessMemory or WriteProcessMemory request was completed. (0x12B)
[0429/124832.606:WARNING:pe_image_reader.cc(340)] could not read dos header from C:\Windows\system32\IPHLPAPI.DLL
[0429/124832.606:ERROR:process_memory_win.cc(73)] ReadMemory at 0x7fefa6f0000 of 64 bytes failed: Only part of a ReadProcessMemory or WriteProcessMemory request was completed. (0x12B)
[0429/124832.606:WARNING:pe_image_reader.cc(340)] could not read dos header from C:\Windows\system32\WINNSI.DLL
[0429/124832.606:ERROR:process_memory_win.cc(73)] ReadMemory at 0x7fefe7c0000 of 64 bytes failed: Only part of a ReadProcessMemory or WriteProcessMemory request was completed. (0x12B)
[0429/124832.606:WARNING:pe_image_reader.cc(340)] could not read dos header from C:\Windows\system32\OLEAUT32.dll
[0429/124832.606:ERROR:process_memory_win.cc(73)] ReadMemory at 0x7fefd690000 of 64 bytes failed: Only part of a ReadProcessMemory or WriteProcessMemory request was completed. (0x12B)
[0429/124832.606:WARNING:pe_image_reader.cc(340)] could not read dos header from C:\Windows\system32\ole32.dll
[0429/124832.606:ERROR:process_memory_win.cc(73)] ReadMemory at 0x7fef73f0000 of 64 bytes failed: Only part of a ReadProcessMemory or WriteProcessMemory request was completed. (0x12B)
[0429/124832.606:WARNING:pe_image_reader.cc(340)] could not read dos header from C:\Windows\system32\WINMM.dll
[0429/124832.606:ERROR:process_memory_win.cc(73)] ReadMemory at 0x7fefc470000 of 64 bytes failed: Only part of a ReadProcessMemory or WriteProcessMemory request was completed. (0x12B)
[0429/124832.606:WARNING:pe_image_reader.cc(340)] could not read dos header from C:\Windows\system32\Secur32.dll
[0429/124832.606:ERROR:process_memory_win.cc(73)] ReadMemory at 0x7fefc6e0000 of 64 bytes failed: Only part of a ReadProcessMemory or WriteProcessMemory request was completed. (0x12B)
[0429/124832.606:WARNING:pe_image_reader.cc(340)] could not read dos header from C:\Windows\system32\SSPICLI.DLL
[0429/124832.607:ERROR:process_memory_win.cc(73)] ReadMemory at 0x7fefca30000 of 64 bytes failed: Only part of a ReadProcessMemory or WriteProcessMemory request was completed. (0x12B)
[0429/124832.607:WARNING:pe_image_reader.cc(340)] could not read dos header from C:\Windows\system32\USERENV.dll
[0429/124832.607:ERROR:process_memory_win.cc(73)] ReadMemory at 0x7fefc900000 of 64 bytes failed: Only part of a ReadProcessMemory or WriteProcessMemory request was completed. (0x12B)
[0429/124832.607:WARNING:pe_image_reader.cc(340)] could not read dos header from C:\Windows\system32\profapi.dll
[0429/124832.607:ERROR:process_memory_win.cc(73)] ReadMemory at 0x7fefcab0000 of 64 bytes failed: Only part of a ReadProcessMemory or WriteProcessMemory request was completed. (0x12B)
[0429/124832.607:WARNING:pe_image_reader.cc(340)] could not read dos header from C:\Windows\system32\WINTRUST.dll
[0429/124832.607:ERROR:process_memory_win.cc(73)] ReadMemory at 0x7fefcb40000 of 64 bytes failed: Only part of a ReadProcessMemory or WriteProcessMemory request was completed. (0x12B)
[0429/124832.607:WARNING:pe_image_reader.cc(340)] could not read dos header from C:\Windows\system32\CRYPT32.dll
[0429/124832.607:ERROR:process_memory_win.cc(73)] ReadMemory at 0x7fefc910000 of 64 bytes failed: Only part of a ReadProcessMemory or WriteProcessMemory request was completed. (0x12B)
[0429/124832.607:WARNING:pe_image_reader.cc(340)] could not read dos header from C:\Windows\system32\MSASN1.dll
[0429/124832.607:ERROR:process_memory_win.cc(73)] ReadMemory at 0x7fedf360000 of 64 bytes failed: Only part of a ReadProcessMemory or WriteProcessMemory request was completed. (0x12B)
[0429/124832.607:WARNING:pe_image_reader.cc(340)] could not read dos header from C:\Windows\system32\UIAutomationCore.DLL
[0429/124832.607:ERROR:process_memory_win.cc(73)] ReadMemory at 0x76f60000 of 64 bytes failed: Only part of a ReadProcessMemory or WriteProcessMemory request was completed. (0x12B)
[0429/124832.607:WARNING:pe_image_reader.cc(340)] could not read dos header from C:\Windows\system32\PSAPI.DLL
[0429/124832.607:ERROR:process_memory_win.cc(73)] ReadMemory at 0x7fef74f0000 of 64 bytes failed: Only part of a ReadProcessMemory or WriteProcessMemory request was completed. (0x12B)
[0429/124832.607:WARNING:pe_image_reader.cc(340)] could not read dos header from C:\Windows\system32\OLEACC.dll
[0429/124832.607:ERROR:process_memory_win.cc(73)] ReadMemory at 0x7fedf1c0000 of 64 bytes failed: Only part of a ReadProcessMemory or WriteProcessMemory request was completed. (0x12B)
[0429/124832.607:WARNING:pe_image_reader.cc(340)] could not read dos header from C:\Windows\system32\DWrite.dll
[0429/124832.607:ERROR:process_memory_win.cc(73)] ReadMemory at 0x7fee7060000 of 64 bytes failed: Only part of a ReadProcessMemory or WriteProcessMemory request was completed. (0x12B)
[0429/124832.607:WARNING:pe_image_reader.cc(340)] could not read dos header from C:\Windows\system32\WINSPOOL.DRV
[0429/124832.607:ERROR:process_memory_win.cc(73)] ReadMemory at 0x7fef93f0000 of 64 bytes failed: Only part of a ReadProcessMemory or WriteProcessMemory request was completed. (0x12B)
[0429/124832.607:WARNING:pe_image_reader.cc(340)] could not read dos header from C:\Windows\system32\dbghelp.dll
[0429/124832.607:ERROR:process_memory_win.cc(73)] ReadMemory at 0x7feeb3a0000 of 64 bytes failed: Only part of a ReadProcessMemory or WriteProcessMemory request was completed. (0x12B)
[0429/124832.607:WARNING:pe_image_reader.cc(340)] could not read dos header from C:\Windows\system32\WINHTTP.dll
[0429/124832.608:ERROR:process_memory_win.cc(73)] ReadMemory at 0x7feeb290000 of 64 bytes failed: Only part of a ReadProcessMemory or WriteProcessMemory request was completed. (0x12B)
[0429/124832.608:WARNING:pe_image_reader.cc(340)] could not read dos header from C:\Windows\system32\webio.dll
[0429/124832.608:ERROR:process_memory_win.cc(73)] ReadMemory at 0x7fef5fa0000 of 64 bytes failed: Only part of a ReadProcessMemory or WriteProcessMemory request was completed. (0x12B)
[0429/124832.608:WARNING:pe_image_reader.cc(340)] could not read dos header from C:\Windows\system32\dhcpcsvc.DLL
[0429/124832.608:ERROR:process_memory_win.cc(73)] ReadMemory at 0x7fefc7a0000 of 64 bytes failed: Only part of a ReadProcessMemory or WriteProcessMemory request was completed. (0x12B)
[0429/124832.608:WARNING:pe_image_reader.cc(340)] could not read dos header from C:\Windows\system32\cryptbase.dll
[0429/124832.608:ERROR:process_memory_win.cc(73)] ReadMemory at 0x7fef9990000 of 64 bytes failed: Only part of a ReadProcessMemory or WriteProcessMemory request was completed. (0x12B)
[0429/124832.608:WARNING:pe_image_reader.cc(340)] could not read dos header from C:\Windows\system32\uxtheme.dll
[0429/124832.608:ERROR:process_memory_win.cc(73)] ReadMemory at 0x13fc80000 of 64 bytes failed: Only part of a ReadProcessMemory or WriteProcessMemory request was completed. (0x12B)
[0429/124832.608:WARNING:pe_image_reader.cc(340)] could not read dos header from C:\Program Files (x86)\Google\Chrome\Application\chrome.exe
[0429/124832.608:ERROR:process_memory_win.cc(73)] ReadMemory at 0x76db0000 of 64 bytes failed: Only part of a ReadProcessMemory or WriteProcessMemory request was completed. (0x12B)
[0429/124832.608:WARNING:pe_image_reader.cc(340)] could not read dos header from C:\Windows\SYSTEM32\ntdll.dll
[0429/124832.608:ERROR:process_memory_win.cc(73)] ReadMemory at 0x76b90000 of 64 bytes failed: Only part of a ReadProcessMemory or WriteProcessMemory request was completed. (0x12B)
[0429/124832.608:WARNING:pe_image_reader.cc(340)] could not read dos header from C:\Windows\system32\KERNEL32.dll
[0429/124832.608:ERROR:process_memory_win.cc(73)] ReadMemory at 0x7fefc920000 of 64 bytes failed: Only part of a ReadProcessMemory or WriteProcessMemory request was completed. (0x12B)
[0429/124832.608:WARNING:pe_image_reader.cc(340)] could not read dos header from C:\Windows\system32\KERNELBASE.dll
[0429/124832.608:ERROR:process_memory_win.cc(73)] ReadMemory at 0x7feecb80000 of 64 bytes failed: Only part of a ReadProcessMemory or WriteProcessMemory request was completed. (0x12B)
[0429/124832.608:WARNING:pe_image_reader.cc(340)] could not read dos header from C:\Windows\system32\api-ms-win-core-synch-l1-2-0.DLL
[0429/124832.608:ERROR:process_memory_win.cc(73)] ReadMemory at 0x7fefafe0000 of 64 bytes failed: Only part of a ReadProcessMemory or WriteProcessMemory request was completed. (0x12B)
[0429/124832.608:WARNING:pe_image_reader.cc(340)] could not read dos header from C:\Windows\system32\version.dll
[0429/124832.608:ERROR:process_memory_win.cc(73)] ReadMemory at 0x7fefeb20000 of 64 bytes failed: Only part of a ReadProcessMemory or WriteProcessMemory request was completed. (0x12B)
[0429/124832.608:WARNING:pe_image_reader.cc(340)] could not read dos header from C:\Windows\system32\msvcrt.dll
[0429/124832.609:ERROR:process_memory_win.cc(73)] ReadMemory at 0x7fedbbd0000 of 64 bytes failed: Only part of a ReadProcessMemory or WriteProcessMemory request was completed. (0x12B)
[0429/124832.609:WARNING:pe_image_reader.cc(340)] could not read dos header from C:\Program Files (x86)\Google\Chrome\Application\81.0.4044.122\chrome_elf.dll
[0429/124832.609:ERROR:process_memory_win.cc(73)] ReadMemory at 0x7feff030000 of 64 bytes failed: Only part of a ReadProcessMemory or WriteProcessMemory request was completed. (0x12B)
[0429/124832.609:WARNING:pe_image_reader.cc(340)] could not read dos header from C:\Windows\system32\GDI32.dll
[0429/124832.609:ERROR:process_memory_win.cc(73)] ReadMemory at 0x1130000 of 64 bytes failed: Only part of a ReadProcessMemory or WriteProcessMemory request was completed. (0x12B)
[0429/124832.609:WARNING:pe_image_reader.cc(340)] could not read dos header from C:\Windows\system32\USER32.dll
[0429/124832.609:ERROR:process_memory_win.cc(73)] ReadMemory at 0x7fefd9a0000 of 64 bytes failed: Only part of a ReadProcessMemory or WriteProcessMemory request was completed. (0x12B)
[0429/124832.609:WARNING:pe_image_reader.cc(340)] could not read dos header from C:\Windows\system32\LPK.dll
[0429/124832.609:ERROR:process_memory_win.cc(73)] ReadMemory at 0x7fefed30000 of 64 bytes failed: Only part of a ReadProcessMemory or WriteProcessMemory request was completed. (0x12B)
[0429/124832.609:WARNING:pe_image_reader.cc(340)] could not read dos header from C:\Windows\system32\USP10.dll
[0429/124832.609:ERROR:process_memory_win.cc(73)] ReadMemory at 0x7fefeca0000 of 64 bytes failed: Only part of a ReadProcessMemory or WriteProcessMemory request was completed. (0x12B)
[0429/124832.609:WARNING:pe_image_reader.cc(340)] could not read dos header from C:\Windows\system32\IMM32.DLL
[0429/124832.609:ERROR:process_memory_win.cc(73)] ReadMemory at 0x7fefd890000 of 64 bytes failed: Only part of a ReadProcessMemory or WriteProcessMemory request was completed. (0x12B)
[0429/124832.609:WARNING:pe_image_reader.cc(340)] could not read dos header from C:\Windows\system32\MSCTF.dll
[0429/124832.609:ERROR:process_memory_win.cc(73)] ReadMemory at 0x7fefebc0000 of 64 bytes failed: Only part of a ReadProcessMemory or WriteProcessMemory request was completed. (0x12B)
[0429/124832.609:WARNING:pe_image_reader.cc(340)] could not read dos header from C:\Windows\system32\ADVAPI32.dll
[0429/124832.609:ERROR:process_memory_win.cc(73)] ReadMemory at 0x7fefd600000 of 64 bytes failed: Only part of a ReadProcessMemory or WriteProcessMemory request was completed. (0x12B)
[0429/124832.609:WARNING:pe_image_reader.cc(340)] could not read dos header from C:\Windows\SYSTEM32\sechost.dll
[0429/124832.609:ERROR:process_memory_win.cc(73)] ReadMemory at 0x7fefd450000 of 64 bytes failed: Only part of a ReadProcessMemory or WriteProcessMemory request was completed. (0x12B)
[0429/124832.609:WARNING:pe_image_reader.cc(340)] could not read dos header from C:\Windows\system32\RPCRT4.dll
[0429/124832.609:ERROR:process_memory_win.cc(73)] ReadMemory at 0x7fed3310000 of 64 bytes failed: Only part of a ReadProcessMemory or WriteProcessMemory request was completed. (0x12B)
[0429/124832.609:WARNING:pe_image_reader.cc(340)] could not read dos header from C:\Program Files (x86)\Google\Chrome\Application\81.0.4044.122\chrome.dll
[0429/124832.609:ERROR:process_memory_win.cc(73)] ReadMemory at 0x7fefd640000 of 64 bytes failed: Only part of a ReadProcessMemory or WriteProcessMemory request was completed. (0x12B)
[0429/124832.609:WARNING:pe_image_reader.cc(340)] could not read dos header from C:\Windows\system32\WS2_32.dll
[0429/124832.609:ERROR:process_memory_win.cc(73)] ReadMemory at 0x7fefccc0000 of 64 bytes failed: Only part of a ReadProcessMemory or WriteProcessMemory request was completed. (0x12B)
[0429/124832.610:WARNING:pe_image_reader.cc(340)] could not read dos header from C:\Windows\system32\NSI.dll
[0429/124832.610:ERROR:process_memory_win.cc(73)] ReadMemory at 0x7fefa700000 of 64 bytes failed: Only part of a ReadProcessMemory or WriteProcessMemory request was completed. (0x12B)
[0429/124832.611:WARNING:pe_image_reader.cc(340)] could not read dos header from C:\Windows\system32\IPHLPAPI.DLL
[0429/124832.611:ERROR:process_memory_win.cc(73)] ReadMemory at 0x7fefa6f0000 of 64 bytes failed: Only part of a ReadProcessMemory or WriteProcessMemory request was completed. (0x12B)
[0429/124832.611:WARNING:pe_image_reader.cc(340)] could not read dos header from C:\Windows\system32\WINNSI.DLL
[0429/124832.611:ERROR:process_memory_win.cc(73)] ReadMemory at 0x7fefe7c0000 of 64 bytes failed: Only part of a ReadProcessMemory or WriteProcessMemory request was completed. (0x12B)
[0429/124832.611:WARNING:pe_image_reader.cc(340)] could not read dos header from C:\Windows\system32\OLEAUT32.dll
[0429/124832.611:ERROR:process_memory_win.cc(73)] ReadMemory at 0x7fefd690000 of 64 bytes failed: Only part of a ReadProcessMemory or WriteProcessMemory request was completed. (0x12B)
[0429/124832.611:WARNING:pe_image_reader.cc(340)] could not read dos header from C:\Windows\system32\ole32.dll
[0429/124832.611:ERROR:process_memory_win.cc(73)] ReadMemory at 0x7fef73f0000 of 64 bytes failed: Only part of a ReadProcessMemory or WriteProcessMemory request was completed. (0x12B)
[0429/124832.611:WARNING:pe_image_reader.cc(340)] could not read dos header from C:\Windows\system32\WINMM.dll
[0429/124832.611:ERROR:process_memory_win.cc(73)] ReadMemory at 0x7fefc470000 of 64 bytes failed: Only part of a ReadProcessMemory or WriteProcessMemory request was completed. (0x12B)
[0429/124832.611:WARNING:pe_image_reader.cc(340)] could not read dos header from C:\Windows\system32\Secur32.dll
[0429/124832.611:ERROR:process_memory_win.cc(73)] ReadMemory at 0x7fefc6e0000 of 64 bytes failed: Only part of a ReadProcessMemory or WriteProcessMemory request was completed. (0x12B)
[0429/124832.611:WARNING:pe_image_reader.cc(340)] could not read dos header from C:\Windows\system32\SSPICLI.DLL
[0429/124832.611:ERROR:process_memory_win.cc(73)] ReadMemory at 0x7fefca30000 of 64 bytes failed: Only part of a ReadProcessMemory or WriteProcessMemory request was completed. (0x12B)
[0429/124832.611:WARNING:pe_image_reader.cc(340)] could not read dos header from C:\Windows\system32\USERENV.dll
[0429/124832.611:ERROR:process_memory_win.cc(73)] ReadMemory at 0x7fefc900000 of 64 bytes failed: Only part of a ReadProcessMemory or WriteProcessMemory request was completed. (0x12B)
[0429/124832.611:WARNING:pe_image_reader.cc(340)] could not read dos header from C:\Windows\system32\profapi.dll
[0429/124832.611:ERROR:process_memory_win.cc(73)] ReadMemory at 0x7fefcab0000 of 64 bytes failed: Only part of a ReadProcessMemory or WriteProcessMemory request was completed. (0x12B)
[0429/124832.611:WARNING:pe_image_reader.cc(340)] could not read dos header from C:\Windows\system32\WINTRUST.dll
[0429/124832.611:ERROR:process_memory_win.cc(73)] ReadMemory at 0x7fefcb40000 of 64 bytes failed: Only part of a ReadProcessMemory or WriteProcessMemory request was completed. (0x12B)
[0429/124832.611:WARNING:pe_image_reader.cc(340)] could not read dos header from C:\Windows\system32\CRYPT32.dll
[0429/124832.611:ERROR:process_memory_win.cc(73)] ReadMemory at 0x7fefc910000 of 64 bytes failed: Only part of a ReadProcessMemory or WriteProcessMemory request was completed. (0x12B)
[0429/124832.612:WARNING:pe_image_reader.cc(340)] could not read dos header from C:\Windows\system32\MSASN1.dll
[0429/124832.612:ERROR:process_memory_win.cc(73)] ReadMemory at 0x7fedf360000 of 64 bytes failed: Only part of a ReadProcessMemory or WriteProcessMemory request was completed. (0x12B)
[0429/124832.612:WARNING:pe_image_reader.cc(340)] could not read dos header from C:\Windows\system32\UIAutomationCore.DLL
[0429/124832.612:ERROR:process_memory_win.cc(73)] ReadMemory at 0x76f60000 of 64 bytes failed: Only part of a ReadProcessMemory or WriteProcessMemory request was completed. (0x12B)
[0429/124832.612:WARNING:pe_image_reader.cc(340)] could not read dos header from C:\Windows\system32\PSAPI.DLL
[0429/124832.612:ERROR:process_memory_win.cc(73)] ReadMemory at 0x7fef74f0000 of 64 bytes failed: Only part of a ReadProcessMemory or WriteProcessMemory request was completed. (0x12B)
[0429/124832.612:WARNING:pe_image_reader.cc(340)] could not read dos header from C:\Windows\system32\OLEACC.dll
[0429/124832.612:ERROR:process_memory_win.cc(73)] ReadMemory at 0x7fedf1c0000 of 64 bytes failed: Only part of a ReadProcessMemory or WriteProcessMemory request was completed. (0x12B)
[0429/124832.612:WARNING:pe_image_reader.cc(340)] could not read dos header from C:\Windows\system32\DWrite.dll
[0429/124832.612:ERROR:process_memory_win.cc(73)] ReadMemory at 0x7fee7060000 of 64 bytes failed: Only part of a ReadProcessMemory or WriteProcessMemory request was completed. (0x12B)
[0429/124832.612:WARNING:pe_image_reader.cc(340)] could not read dos header from C:\Windows\system32\WINSPOOL.DRV
[0429/124832.612:ERROR:process_memory_win.cc(73)] ReadMemory at 0x7fef93f0000 of 64 bytes failed: Only part of a ReadProcessMemory or WriteProcessMemory request was completed. (0x12B)
[0429/124832.612:WARNING:pe_image_reader.cc(340)] could not read dos header from C:\Windows\system32\dbghelp.dll
[0429/124832.612:ERROR:process_memory_win.cc(73)] ReadMemory at 0x7feeb3a0000 of 64 bytes failed: Only part of a ReadProcessMemory or WriteProcessMemory request was completed. (0x12B)
[0429/124832.612:WARNING:pe_image_reader.cc(340)] could not read dos header from C:\Windows\system32\WINHTTP.dll
[0429/124832.612:ERROR:process_memory_win.cc(73)] ReadMemory at 0x7feeb290000 of 64 bytes failed: Only part of a ReadProcessMemory or WriteProcessMemory request was completed. (0x12B)
[0429/124832.612:WARNING:pe_image_reader.cc(340)] could not read dos header from C:\Windows\system32\webio.dll
[0429/124832.612:ERROR:process_memory_win.cc(73)] ReadMemory at 0x7fef5fa0000 of 64 bytes failed: Only part of a ReadProcessMemory or WriteProcessMemory request was completed. (0x12B)
[0429/124832.612:WARNING:pe_image_reader.cc(340)] could not read dos header from C:\Windows\system32\dhcpcsvc.DLL
[0429/124832.612:ERROR:process_memory_win.cc(73)] ReadMemory at 0x7fefc7a0000 of 64 bytes failed: Only part of a ReadProcessMemory or WriteProcessMemory request was completed. (0x12B)
[0429/124832.613:WARNING:pe_image_reader.cc(340)] could not read dos header from C:\Windows\system32\cryptbase.dll
[0429/124832.613:ERROR:process_memory_win.cc(73)] ReadMemory at 0x7fef9990000 of 64 bytes failed: Only part of a ReadProcessMemory or WriteProcessMemory request was completed. (0x12B)
[0429/124832.613:WARNING:pe_image_reader.cc(340)] could not read dos header from C:\Windows\system32\uxtheme.dll
[0429/124832.656:ERROR:process_memory_win.cc(73)] ReadMemory at 0x849000 of 28672 bytes failed: Only part of a ReadProcessMemory or WriteProcessMemory request was completed. (0x12B)
[0429/124832.657:ERROR:process_memory_win.cc(73)] ReadMemory at 0x3a2d000 of 12288 bytes failed: Only part of a ReadProcessMemory or WriteProcessMemory request was completed. (0x12B)
[0429/124832.657:ERROR:process_memory_win.cc(73)] ReadMemory at 0x438d000 of 12288 bytes failed: Only part of a ReadProcessMemory or WriteProcessMemory request was completed. (0x12B)
[0429/124832.657:ERROR:process_memory_win.cc(73)] ReadMemory at 0x4bcc000 of 16384 bytes failed: Only part of a ReadProcessMemory or WriteProcessMemory request was completed. (0x12B)
[0429/124832.657:ERROR:process_memory_win.cc(73)] ReadMemory at 0x554c000 of 16384 bytes failed: Only part of a ReadProcessMemory or WriteProcessMemory request was completed. (0x12B)
[0429/124832.657:ERROR:process_memory_win.cc(73)] ReadMemory at 0x5e5f000 of 4096 bytes failed: Only part of a ReadProcessMemory or WriteProcessMemory request was completed. (0x12B)
[0429/124832.657:ERROR:process_memory_win.cc(73)] ReadMemory at 0x66ae000 of 8192 bytes failed: Only part of a ReadProcessMemory or WriteProcessMemory request was completed. (0x12B)
[0429/124832.657:ERROR:process_memory_win.cc(73)] ReadMemory at 0x704d000 of 12288 bytes failed: Only part of a ReadProcessMemory or WriteProcessMemory request was completed. (0x12B)
[0429/124832.657:ERROR:process_memory_win.cc(73)] ReadMemory at 0x7adb000 of 20480 bytes failed: Only part of a ReadProcessMemory or WriteProcessMemory request was completed. (0x12B)
[0429/124832.657:ERROR:process_memory_win.cc(73)] ReadMemory at 0x844d000 of 12288 bytes failed: Only part of a ReadProcessMemory or WriteProcessMemory request was completed. (0x12B)
[0429/124832.658:ERROR:process_memory_win.cc(73)] ReadMemory at 0x8d3d000 of 12288 bytes failed: Only part of a ReadProcessMemory or WriteProcessMemory request was completed. (0x12B)
[0429/124832.658:ERROR:process_memory_win.cc(73)] ReadMemory at 0x98cd000 of 12288 bytes failed: Only part of a ReadProcessMemory or WriteProcessMemory request was completed. (0x12B)
[0429/124832.658:ERROR:process_memory_win.cc(73)] ReadMemory at 0xa25d000 of 12288 bytes failed: Only part of a ReadProcessMemory or WriteProcessMemory request was completed. (0x12B)
[0429/124832.658:ERROR:process_memory_win.cc(73)] ReadMemory at 0xa71320 of 5048 bytes failed: Only part of a ReadProcessMemory or WriteProcessMemory request was completed. (0x12B)
[0429/124832.658:ERROR:process_memory_win.cc(73)] ReadMemory at 0xa726e0 of 1012 bytes failed: Only part of a ReadProcessMemory or WriteProcessMemory request was completed. (0x12B)
[0429/124832.658:ERROR:process_memory_win.cc(73)] ReadMemory at 0xa72ce8 of 1424 bytes failed: Only part of a ReadProcessMemory or WriteProcessMemory request was completed. (0x12B)
[0429/124832.658:ERROR:process_memory_win.cc(73)] ReadMemory at 0xa7327a of 118 bytes failed: Only part of a ReadProcessMemory or WriteProcessMemory request was completed. (0x12B)
[0429/124832.658:ERROR:process_memory_win.cc(73)] ReadMemory at 0xa732f2 of 714 bytes failed: Only part of a ReadProcessMemory or WriteProcessMemory request was completed. (0x12B)
[0429/124832.658:ERROR:process_memory_win.cc(73)] ReadMemory at 0xa735be of 118 bytes failed: Only part of a ReadProcessMemory or WriteProcessMemory request was completed. (0x12B)
[0429/124832.659:ERROR:process_memory_win.cc(73)] ReadMemory at 0xa73636 of 94 bytes failed: Only part of a ReadProcessMemory or WriteProcessMemory request was completed. (0x12B)
[0429/124832.659:ERROR:process_memory_win.cc(73)] ReadMemory at 0xa736a0 of 58 bytes failed: Only part of a ReadProcessMemory or WriteProcessMemory request was completed. (0x12B)
[0429/124832.659:ERROR:process_memory_win.cc(73)] ReadMemory at 0xa73730 of 132 bytes failed: Only part of a ReadProcessMemory or WriteProcessMemory request was completed. (0x12B)
[0429/124832.659:ERROR:process_memory_win.cc(73)] ReadMemory at 0xa73820 of 132 bytes failed: Only part of a ReadProcessMemory or WriteProcessMemory request was completed. (0x12B)
[0429/124832.659:ERROR:process_memory_win.cc(73)] ReadMemory at 0xa73938 of 126 bytes failed: Only part of a ReadProcessMemory or WriteProcessMemory request was completed. (0x12B)
[0429/124832.659:ERROR:process_memory_win.cc(73)] ReadMemory at 0xa73c20 of 64 bytes failed: Only part of a ReadProcessMemory or WriteProcessMemory request was completed. (0x12B)
[0429/124832.659:ERROR:process_memory_win.cc(73)] ReadMemory at 0xa73c70 of 132 bytes failed: Only part of a ReadProcessMemory or WriteProcessMemory request was completed. (0x12B)
[0429/124832.659:ERROR:process_memory_win.cc(73)] ReadMemory at 0xa73d90 of 68 bytes failed: Only part of a ReadProcessMemory or WriteProcessMemory request was completed. (0x12B)
[0429/124832.659:ERROR:process_memory_win.cc(73)] ReadMemory at 0xa73fb0 of 132 bytes failed: Only part of a ReadProcessMemory or WriteProcessMemory request was completed. (0x12B)
[0429/124832.659:ERROR:process_memory_win.cc(73)] ReadMemory at 0xa750b0 of 104 bytes failed: Only part of a ReadProcessMemory or WriteProcessMemory request was completed. (0x12B)
[0429/124832.660:ERROR:process_memory_win.cc(73)] ReadMemory at 0xa75130 of 132 bytes failed: Only part of a ReadProcessMemory or WriteProcessMemory request was completed. (0x12B)
[0429/124832.660:ERROR:process_memory_win.cc(73)] ReadMemory at 0xa9e060 of 132 bytes failed: Only part of a ReadProcessMemory or WriteProcessMemory request was completed. (0x12B)
[0429/124832.660:ERROR:process_memory_win.cc(73)] ReadMemory at 0xa9ed70 of 146 bytes failed: Only part of a ReadProcessMemory or WriteProcessMemory request was completed. (0x12B)
[0429/124832.660:ERROR:process_memory_win.cc(73)] ReadMemory at 0xa9fc80 of 60 bytes failed: Only part of a ReadProcessMemory or WriteProcessMemory request was completed. (0x12B)
[0429/124832.660:ERROR:process_memory_win.cc(73)] ReadMemory at 0xa9fcd0 of 132 bytes failed: Only part of a ReadProcessMemory or WriteProcessMemory request was completed. (0x12B)
[0429/124832.660:ERROR:process_memory_win.cc(73)] ReadMemory at 0xa9ff50 of 62 bytes failed: Only part of a ReadProcessMemory or WriteProcessMemory request was completed. (0x12B)
[0429/124832.660:ERROR:process_memory_win.cc(73)] ReadMemory at 0xaa0b80 of 154 bytes failed: Only part of a ReadProcessMemory or WriteProcessMemory request was completed. (0x12B)
[0429/124832.660:ERROR:process_memory_win.cc(73)] ReadMemory at 0xaa0c30 of 132 bytes failed: Only part of a ReadProcessMemory or WriteProcessMemory request was completed. (0x12B)
[0429/124832.660:ERROR:process_memory_win.cc(73)] ReadMemory at 0xaa0d50 of 62 bytes failed: Only part of a ReadProcessMemory or WriteProcessMemory request was completed. (0x12B)
[0429/124832.660:ERROR:process_memory_win.cc(73)] ReadMemory at 0xaa0da0 of 64 bytes failed: Only part of a ReadProcessMemory or WriteProcessMemory request was completed. (0x12B)
[0429/124832.660:ERROR:process_memory_win.cc(73)] ReadMemory at 0xaa0df0 of 58 bytes failed: Only part of a ReadProcessMemory or WriteProcessMemory request was completed. (0x12B)
[0429/124832.660:ERROR:process_memory_win.cc(73)] ReadMemory at 0xaa0e40 of 60 bytes failed: Only part of a ReadProcessMemory or WriteProcessMemory request was completed. (0x12B)
[0429/124832.660:ERROR:process_memory_win.cc(73)] ReadMemory at 0xaa0e90 of 58 bytes failed: Only part of a ReadProcessMemory or WriteProcessMemory request was completed. (0x12B)
[0429/124832.661:ERROR:process_memory_win.cc(73)] ReadMemory at 0xaa0ee0 of 58 bytes failed: Only part of a ReadProcessMemory or WriteProcessMemory request was completed. (0x12B)
[0429/124832.661:ERROR:process_memory_win.cc(73)] ReadMemory at 0xaa0f30 of 58 bytes failed: Only part of a ReadProcessMemory or WriteProcessMemory request was completed. (0x12B)
[0429/124832.661:ERROR:process_memory_win.cc(73)] ReadMemory at 0xaa0f80 of 60 bytes failed: Only part of a ReadProcessMemory or WriteProcessMemory request was completed. (0x12B)
[0429/124832.661:ERROR:process_memory_win.cc(73)] ReadMemory at 0xaa0fd0 of 60 bytes failed: Only part of a ReadProcessMemory or WriteProcessMemory request was completed. (0x12B)
[0429/124832.661:ERROR:process_memory_win.cc(73)] ReadMemory at 0xaa1020 of 64 bytes failed: Only part of a ReadProcessMemory or WriteProcessMemory request was completed. (0x12B)
[0429/124832.661:ERROR:process_memory_win.cc(73)] ReadMemory at 0xaa1070 of 60 bytes failed: Only part of a ReadProcessMemory or WriteProcessMemory request was completed. (0x12B)
[0429/124832.661:ERROR:process_memory_win.cc(73)] ReadMemory at 0xaa10c0 of 64 bytes failed: Only part of a ReadProcessMemory or WriteProcessMemory request was completed. (0x12B)
[0429/124832.661:ERROR:process_memory_win.cc(73)] ReadMemory at 0xaa1110 of 58 bytes failed: Only part of a ReadProcessMemory or WriteProcessMemory request was completed. (0x12B)
[0429/124832.661:ERROR:process_memory_win.cc(73)] ReadMemory at 0xaa1160 of 58 bytes failed: Only part of a ReadProcessMemory or WriteProcessMemory request was completed. (0x12B)
[0429/124832.661:ERROR:process_memory_win.cc(73)] ReadMemory at 0xaa11b0 of 62 bytes failed: Only part of a ReadProcessMemory or WriteProcessMemory request was completed. (0x12B)
[0429/124832.661:ERROR:process_memory_win.cc(73)] ReadMemory at 0xaa1200 of 62 bytes failed: Only part of a ReadProcessMemory or WriteProcessMemory request was completed. (0x12B)
[0429/124832.661:ERROR:process_memory_win.cc(73)] ReadMemory at 0xaa1250 of 62 bytes failed: Only part of a ReadProcessMemory or WriteProcessMemory request was completed. (0x12B)
[0429/124832.661:ERROR:process_memory_win.cc(73)] ReadMemory at 0xaa12a0 of 62 bytes failed: Only part of a ReadProcessMemory or WriteProcessMemory request was completed. (0x12B)
[0429/124832.661:ERROR:process_memory_win.cc(73)] ReadMemory at 0xaa12f0 of 64 bytes failed: Only part of a ReadProcessMemory or WriteProcessMemory request was completed. (0x12B)
[0429/124832.661:ERROR:process_memory_win.cc(73)] ReadMemory at 0xaa1340 of 62 bytes failed: Only part of a ReadProcessMemory or WriteProcessMemory request was completed. (0x12B)
[0429/124832.661:ERROR:process_memory_win.cc(73)] ReadMemory at 0xaa1390 of 60 bytes failed: Only part of a ReadProcessMemory or WriteProcessMemory request was completed. (0x12B)
[0429/124832.662:ERROR:process_memory_win.cc(73)] ReadMemory at 0xaa13e0 of 58 bytes failed: Only part of a ReadProcessMemory or WriteProcessMemory request was completed. (0x12B)
[0429/124832.662:ERROR:process_memory_win.cc(73)] ReadMemory at 0xaa1430 of 60 bytes failed: Only part of a ReadProcessMemory or WriteProcessMemory request was completed. (0x12B)
[0429/124832.662:ERROR:process_memory_win.cc(73)] ReadMemory at 0xaa1480 of 60 bytes failed: Only part of a ReadProcessMemory or WriteProcessMemory request was completed. (0x12B)
[0429/124832.662:ERROR:process_memory_win.cc(73)] ReadMemory at 0xaa14d0 of 64 bytes failed: Only part of a ReadProcessMemory or WriteProcessMemory request was completed. (0x12B)
[0429/124832.662:ERROR:process_memory_win.cc(73)] ReadMemory at 0xaa1520 of 62 bytes failed: Only part of a ReadProcessMemory or WriteProcessMemory request was completed. (0x12B)
[0429/124832.662:ERROR:process_memory_win.cc(73)] ReadMemory at 0xaa1570 of 62 bytes failed: Only part of a ReadProcessMemory or WriteProcessMemory request was completed. (0x12B)
[0429/124832.662:ERROR:process_memory_win.cc(73)] ReadMemory at 0xaa15c0 of 58 bytes failed: Only part of a ReadProcessMemory or WriteProcessMemory request was completed. (0x12B)
[0429/124832.662:ERROR:process_memory_win.cc(73)] ReadMemory at 0xaa1610 of 64 bytes failed: Only part of a ReadProcessMemory or WriteProcessMemory request was completed. (0x12B)
[0429/124832.662:ERROR:process_memory_win.cc(73)] ReadMemory at 0xaa4210 of 54 bytes failed: Only part of a ReadProcessMemory or WriteProcessMemory request was completed. (0x12B)
[0429/124832.663:ERROR:process_memory_win.cc(73)] ReadMemory at 0xaa4f50 of 54 bytes failed: Only part of a ReadProcessMemory or WriteProcessMemory request was completed. (0x12B)
[0429/124832.663:ERROR:process_memory_win.cc(73)] ReadMemory at 0xaa5540 of 132 bytes failed: Only part of a ReadProcessMemory or WriteProcessMemory request was completed. (0x12B)
[0429/124832.663:ERROR:process_memory_win.cc(73)] ReadMemory at 0xaa5630 of 132 bytes failed: Only part of a ReadProcessMemory or WriteProcessMemory request was completed. (0x12B)
[0429/124832.663:ERROR:process_memory_win.cc(73)] ReadMemory at 0xaa5720 of 132 bytes failed: Only part of a ReadProcessMemory or WriteProcessMemory request was completed. (0x12B)
[0429/124832.663:ERROR:process_memory_win.cc(73)] ReadMemory at 0xaa5810 of 132 bytes failed: Only part of a ReadProcessMemory or WriteProcessMemory request was completed. (0x12B)
[0429/124832.663:ERROR:process_memory_win.cc(73)] ReadMemory at 0xaa6330 of 132 bytes failed: Only part of a ReadProcessMemory or WriteProcessMemory request was completed. (0x12B)
[0429/124832.663:ERROR:process_memory_win.cc(73)] ReadMemory at 0xaa6450 of 132 bytes failed: Only part of a ReadProcessMemory or WriteProcessMemory request was completed. (0x12B)
[0429/124832.663:ERROR:process_memory_win.cc(73)] ReadMemory at 0xaa6540 of 132 bytes failed: Only part of a ReadProcessMemory or WriteProcessMemory request was completed. (0x12B)
[0429/124832.663:ERROR:process_memory_win.cc(73)] ReadMemory at 0xaa6630 of 132 bytes failed: Only part of a ReadProcessMemory or WriteProcessMemory request was completed. (0x12B)
[0429/124832.663:ERROR:process_memory_win.cc(73)] ReadMemory at 0xaa6720 of 132 bytes failed: Only part of a ReadProcessMemory or WriteProcessMemory request was completed. (0x12B)
[0429/124832.663:ERROR:process_memory_win.cc(73)] ReadMemory at 0xaa6810 of 132 bytes failed: Only part of a ReadProcessMemory or WriteProcessMemory request was completed. (0x12B)
[0429/124832.663:ERROR:process_memory_win.cc(73)] ReadMemory at 0xaa6900 of 132 bytes failed: Only part of a ReadProcessMemory or WriteProcessMemory request was completed. (0x12B)
[0429/124832.663:ERROR:process_memory_win.cc(73)] ReadMemory at 0xaa69f0 of 132 bytes failed: Only part of a ReadProcessMemory or WriteProcessMemory request was completed. (0x12B)
[0429/124832.663:ERROR:process_memory_win.cc(73)] ReadMemory at 0xaa6ae0 of 132 bytes failed: Only part of a ReadProcessMemory or WriteProcessMemory request was completed. (0x12B)
[0429/124832.664:ERROR:process_memory_win.cc(73)] ReadMemory at 0xaa6bd0 of 132 bytes failed: Only part of a ReadProcessMemory or WriteProcessMemory request was completed. (0x12B)
[0429/124832.664:ERROR:process_memory_win.cc(73)] ReadMemory at 0xaa6cc0 of 132 bytes failed: Only part of a ReadProcessMemory or WriteProcessMemory request was completed. (0x12B)
[0429/124832.664:ERROR:process_memory_win.cc(73)] ReadMemory at 0xaa6db0 of 132 bytes failed: Only part of a ReadProcessMemory or WriteProcessMemory request was completed. (0x12B)
[0429/124832.664:ERROR:process_memory_win.cc(73)] ReadMemory at 0xaa6ea0 of 132 bytes failed: Only part of a ReadProcessMemory or WriteProcessMemory request was completed. (0x12B)
[0429/124832.664:ERROR:process_memory_win.cc(73)] ReadMemory at 0xaa6f90 of 132 bytes failed: Only part of a ReadProcessMemory or WriteProcessMemory request was completed. (0x12B)
[0429/124832.664:ERROR:process_memory_win.cc(73)] ReadMemory at 0xaa7080 of 132 bytes failed: Only part of a ReadProcessMemory or WriteProcessMemory request was completed. (0x12B)
[0429/124832.664:ERROR:process_memory_win.cc(73)] ReadMemory at 0xaa7170 of 132 bytes failed: Only part of a ReadProcessMemory or WriteProcessMemory request was completed. (0x12B)
[0429/124832.664:ERROR:process_memory_win.cc(73)] ReadMemory at 0xaa7260 of 132 bytes failed: Only part of a ReadProcessMemory or WriteProcessMemory request was completed. (0x12B)
[0429/124832.664:ERROR:process_memory_win.cc(73)] ReadMemory at 0xaa7350 of 132 bytes failed: Only part of a ReadProcessMemory or WriteProcessMemory request was completed. (0x12B)
[0429/124832.664:ERROR:process_memory_win.cc(73)] ReadMemory at 0xaa7440 of 132 bytes failed: Only part of a ReadProcessMemory or WriteProcessMemory request was completed. (0x12B)
[0429/124832.665:ERROR:process_memory_win.cc(73)] ReadMemory at 0xaa7530 of 132 bytes failed: Only part of a ReadProcessMemory or WriteProcessMemory request was completed. (0x12B)
[0429/124832.665:ERROR:process_memory_win.cc(73)] ReadMemory at 0xaa7620 of 132 bytes failed: Only part of a ReadProcessMemory or WriteProcessMemory request was completed. (0x12B)
[0429/124832.665:ERROR:process_memory_win.cc(73)] ReadMemory at 0xaa7710 of 132 bytes failed: Only part of a ReadProcessMemory or WriteProcessMemory request was completed. (0x12B)
[0429/124832.665:ERROR:process_memory_win.cc(73)] ReadMemory at 0xaa7800 of 132 bytes failed: Only part of a ReadProcessMemory or WriteProcessMemory request was completed. (0x12B)
[0429/124832.665:ERROR:process_memory_win.cc(73)] ReadMemory at 0xaa78f0 of 132 bytes failed: Only part of a ReadProcessMemory or WriteProcessMemory request was completed. (0x12B)
[0429/124832.665:ERROR:process_memory_win.cc(73)] ReadMemory at 0xaa79e0 of 132 bytes failed: Only part of a ReadProcessMemory or WriteProcessMemory request was completed. (0x12B)
[0429/124832.665:ERROR:process_memory_win.cc(73)] ReadMemory at 0xaa7ad0 of 132 bytes failed: Only part of a ReadProcessMemory or WriteProcessMemory request was completed. (0x12B)
[0429/124832.665:ERROR:process_memory_win.cc(73)] ReadMemory at 0xaa7bc0 of 132 bytes failed: Only part of a ReadProcessMemory or WriteProcessMemory request was completed. (0x12B)
[0429/124832.665:ERROR:process_memory_win.cc(73)] ReadMemory at 0xaa7cb0 of 132 bytes failed: Only part of a ReadProcessMemory or WriteProcessMemory request was completed. (0x12B)
[0429/124832.668:ERROR:process_memory_win.cc(73)] ReadMemory at 0xaa7da0 of 624 bytes failed: Only part of a ReadProcessMemory or WriteProcessMemory request was completed. (0x12B)
[0429/124832.668:ERROR:process_memory_win.cc(73)] ReadMemory at 0xaa8070 of 132 bytes failed: Only part of a ReadProcessMemory or WriteProcessMemory request was completed. (0x12B)
[0429/124832.668:ERROR:process_memory_win.cc(73)] ReadMemory at 0xaac800 of 80 bytes failed: Only part of a ReadProcessMemory or WriteProcessMemory request was completed. (0x12B)
[0429/124832.668:ERROR:process_memory_win.cc(73)] ReadMemory at 0xab81b0 of 66 bytes failed: Only part of a ReadProcessMemory or WriteProcessMemory request was completed. (0x12B)
[0429/124832.668:ERROR:process_memory_win.cc(73)] ReadMemory at 0xac2330 of 592 bytes failed: Only part of a ReadProcessMemory or WriteProcessMemory request was completed. (0x12B)
[0429/124832.668:ERROR:process_memory_win.cc(73)] ReadMemory at 0x188a830 of 512 bytes failed: Only part of a ReadProcessMemory or WriteProcessMemory request was completed. (0x12B)
[0429/124832.668:ERROR:process_memory_win.cc(73)] ReadMemory at 0x188fa80 of 512 bytes failed: Only part of a ReadProcessMemory or WriteProcessMemory request was completed. (0x12B)
[0429/124832.668:ERROR:process_memory_win.cc(73)] ReadMemory at 0x30cc090 of 512 bytes failed: Only part of a ReadProcessMemory or WriteProcessMemory request was completed. (0x12B)
[0429/124832.668:ERROR:process_memory_win.cc(73)] ReadMemory at 0x30d59a0 of 512 bytes failed: Only part of a ReadProcessMemory or WriteProcessMemory request was completed. (0x12B)
[0429/124832.668:ERROR:process_memory_win.cc(73)] ReadMemory at 0x30d8d10 of 512 bytes failed: Only part of a ReadProcessMemory or WriteProcessMemory request was completed. (0x12B)
[0429/124832.668:ERROR:process_memory_win.cc(73)] ReadMemory at 0x30db2c0 of 712 bytes failed: Only part of a ReadProcessMemory or WriteProcessMemory request was completed. (0x12B)
[0429/124832.668:ERROR:process_memory_win.cc(73)] ReadMemory at 0x30db830 of 512 bytes failed: Only part of a ReadProcessMemory or WriteProcessMemory request was completed. (0x12B)
[0429/124832.668:ERROR:process_memory_win.cc(73)] ReadMemory at 0x30e6b50 of 512 bytes failed: Only part of a ReadProcessMemory or WriteProcessMemory request was completed. (0x12B)
[0429/124832.669:ERROR:process_memory_win.cc(73)] ReadMemory at 0x30e8518 of 512 bytes failed: Only part of a ReadProcessMemory or WriteProcessMemory request was completed. (0x12B)
[0429/124832.669:ERROR:process_memory_win.cc(73)] ReadMemory at 0x3101b80 of 512 bytes failed: Only part of a ReadProcessMemory or WriteProcessMemory request was completed. (0x12B)
[0429/124832.669:ERROR:process_memory_win.cc(73)] ReadMemory at 0x31ba5b0 of 704 bytes failed: Only part of a ReadProcessMemory or WriteProcessMemory request was completed. (0x12B)
[0429/124832.669:ERROR:process_memory_win.cc(73)] ReadMemory at 0x706d1f0 of 512 bytes failed: Only part of a ReadProcessMemory or WriteProcessMemory request was completed. (0x12B)
[0429/124832.669:ERROR:process_memory_win.cc(73)] ReadMemory at 0x70c6ba0 of 512 bytes failed: Only part of a ReadProcessMemory or WriteProcessMemory request was completed. (0x12B)
[0429/124832.669:ERROR:process_memory_win.cc(73)] ReadMemory at 0x70ca610 of 512 bytes failed: Only part of a ReadProcessMemory or WriteProcessMemory request was completed. (0x12B)
[0429/124832.669:ERROR:process_memory_win.cc(73)] ReadMemory at 0x7194930 of 512 bytes failed: Only part of a ReadProcessMemory or WriteProcessMemory request was completed. (0x12B)
[0429/124832.669:ERROR:process_memory_win.cc(73)] ReadMemory at 0x7194f90 of 512 bytes failed: Only part of a ReadProcessMemory or WriteProcessMemory request was completed. (0x12B)
[0429/124832.669:ERROR:process_memory_win.cc(73)] ReadMemory at 0x76c9b228 of 512 bytes failed: Only part of a ReadProcessMemory or WriteProcessMemory request was completed. (0x12B)
[0429/124832.669:ERROR:process_memory_win.cc(73)] ReadMemory at 0x76db7bc8 of 18 bytes failed: Only part of a ReadProcessMemory or WriteProcessMemory request was completed. (0x12B)
[0429/124832.669:ERROR:process_memory_win.cc(73)] ReadMemory at 0x76dba6c8 of 576 bytes failed: Only part of a ReadProcessMemory or WriteProcessMemory request was completed. (0x12B)
[0429/124832.670:ERROR:process_memory_win.cc(73)] ReadMemory at 0x76dba928 of 672 bytes failed: Only part of a ReadProcessMemory or WriteProcessMemory request was completed. (0x12B)
[0429/124832.670:ERROR:process_memory_win.cc(73)] ReadMemory at 0x76dc3160 of 512 bytes failed: Only part of a ReadProcessMemory or WriteProcessMemory request was completed. (0x12B)
[0429/124832.670:ERROR:process_memory_win.cc(73)] ReadMemory at 0x76e1976a of 592 bytes failed: Only part of a ReadProcessMemory or WriteProcessMemory request was completed. (0x12B)
[0429/124832.697:ERROR:process_memory_win.cc(73)] ReadMemory at 0x76e19a6a of 512 bytes failed: Only part of a ReadProcessMemory or WriteProcessMemory request was completed. (0x12B)
[0429/124832.697:ERROR:process_memory_win.cc(73)] ReadMemory at 0x76e19cda of 512 bytes failed: Only part of a ReadProcessMemory or WriteProcessMemory request was completed. (0x12B)
[0429/124832.697:ERROR:process_memory_win.cc(73)] ReadMemory at 0x76e1b01a of 528 bytes failed: Only part of a ReadProcessMemory or WriteProcessMemory request was completed. (0x12B)
[0429/124832.697:ERROR:process_memory_win.cc(73)] ReadMemory at 0x76ea9440 of 512 bytes failed: Only part of a ReadProcessMemory or WriteProcessMemory request was completed. (0x12B)
[0429/124832.698:ERROR:process_memory_win.cc(73)] ReadMemory at 0x76ed80d8 of 40 bytes failed: Only part of a ReadProcessMemory or WriteProcessMemory request was completed. (0x12B)
[0429/124832.698:ERROR:process_memory_win.cc(73)] ReadMemory at 0x76ee2dc0 of 48 bytes failed: Only part of a ReadProcessMemory or WriteProcessMemory request was completed. (0x12B)
[0429/124832.698:ERROR:process_memory_win.cc(73)] ReadMemory at 0x76ee2e40 of 64 bytes failed: Only part of a ReadProcessMemory or WriteProcessMemory request was completed. (0x12B)
[0429/124832.698:ERROR:process_memory_win.cc(73)] ReadMemory at 0x7fed60a3ea0 of 553 bytes failed: Only part of a ReadProcessMemory or WriteProcessMemory request was completed. (0x12B)
[0429/124832.698:ERROR:process_memory_win.cc(73)] ReadMemory at 0x7feda938cd8 of 512 bytes failed: Only part of a ReadProcessMemory or WriteProcessMemory request was completed. (0x12B)
[0429/124832.698:ERROR:process_memory_win.cc(73)] ReadMemory at 0x7fedbbfba3a of 512 bytes failed: Only part of a ReadProcessMemory or WriteProcessMemory request was completed. (0x12B)
[0429/124832.698:ERROR:process_memory_win.cc(73)] ReadMemory at 0x7fffffa2000 of 6024 bytes failed: Only part of a ReadProcessMemory or WriteProcessMemory request was completed. (0x12B)
[0429/124832.698:ERROR:process_memory_win.cc(73)] ReadMemory at 0x7fffffa4000 of 6024 bytes failed: Only part of a ReadProcessMemory or WriteProcessMemory request was completed. (0x12B)
[0429/124832.698:ERROR:process_memory_win.cc(73)] ReadMemory at 0x7fffffa6000 of 6024 bytes failed: Only part of a ReadProcessMemory or WriteProcessMemory request was completed. (0x12B)
[0429/124832.698:ERROR:process_memory_win.cc(73)] ReadMemory at 0x7fffffa8000 of 6024 bytes failed: Only part of a ReadProcessMemory or WriteProcessMemory request was completed. (0x12B)
[0429/124832.698:ERROR:process_memory_win.cc(73)] ReadMemory at 0x7fffffaa000 of 6024 bytes failed: Only part of a ReadProcessMemory or WriteProcessMemory request was completed. (0x12B)
[0429/124832.698:ERROR:process_memory_win.cc(73)] ReadMemory at 0x7fffffac000 of 6024 bytes failed: Only part of a ReadProcessMemory or WriteProcessMemory request was completed. (0x12B)
[0429/124832.699:ERROR:process_memory_win.cc(73)] ReadMemory at 0x7fffffae000 of 6024 bytes failed: Only part of a ReadProcessMemory or WriteProcessMemory request was completed. (0x12B)
[0429/124832.699:ERROR:process_memory_win.cc(73)] ReadMemory at 0x7fffffd3000 of 6024 bytes failed: Only part of a ReadProcessMemory or WriteProcessMemory request was completed. (0x12B)
[0429/124832.699:ERROR:process_memory_win.cc(73)] ReadMemory at 0x7fffffd5000 of 6024 bytes failed: Only part of a ReadProcessMemory or WriteProcessMemory request was completed. (0x12B)
[0429/124832.699:ERROR:process_memory_win.cc(73)] ReadMemory at 0x7fffffd7000 of 6024 bytes failed: Only part of a ReadProcessMemory or WriteProcessMemory request was completed. (0x12B)
[0429/124832.699:ERROR:process_memory_win.cc(73)] ReadMemory at 0x7fffffd9000 of 6024 bytes failed: Only part of a ReadProcessMemory or WriteProcessMemory request was completed. (0x12B)
[0429/124832.699:ERROR:process_memory_win.cc(73)] ReadMemory at 0x7fffffdb000 of 6024 bytes failed: Only part of a ReadProcessMemory or WriteProcessMemory request was completed. (0x12B)
[0429/124832.699:ERROR:process_memory_win.cc(73)] ReadMemory at 0x7fffffdd000 of 6024 bytes failed: Only part of a ReadProcessMemory or WriteProcessMemory request was completed. (0x12B)
[0429/124832.699:ERROR:process_memory_win.cc(73)] ReadMemory at 0x7fffffdf000 of 852 bytes failed: Only part of a ReadProcessMemory or WriteProcessMemory request was completed. (0x12B)
[0429/124832.705:ERROR:scoped_process_suspend.cc(40)] NtResumeProcess: An attempt was made to access an exiting process. (0xc000010a)
